<?xml version="1.0" encoding="UTF-8"?>
<!-- Generated by org.testng.reporters.JUnitReportReporter -->
<testsuite skipped="0" hostname="PRFT-14637" name="com.lapuertaTestcases.verifyLoginTest" tests="1" failures="0" timestamp="02 Jun 2020 02:38:46 GMT" time="23.274" errors="0">
  <testcase name="checkValidUser" time="23.274" classname="com.lapuertaTestcases.verifyLoginTest"/>
</testsuite> <!-- com.lapuertaTestcases.verifyLoginTest -->
